\BOOKMARK [1][-]{section.1}{\376\377\000R\000e\000n\000d\000u\000\040\0001}{}% 1
\BOOKMARK [2][-]{subsection.1.1}{\376\377\000R\000\351\000f\000l\000e\000x\000i\000o\000n}{section.1}% 2
\BOOKMARK [2][-]{subsection.1.2}{\376\377\000U\000M\000L}{section.1}% 3
\BOOKMARK [2][-]{subsection.1.3}{\376\377\000R\000e\000m\000a\000r\000q\000u\000e\000s}{section.1}% 4
\BOOKMARK [2][-]{subsection.1.4}{\376\377\000I\000m\000p\000l\000\351\000m\000e\000n\000t\000a\000t\000i\000o\000n}{section.1}% 5
\BOOKMARK [1][-]{section.2}{\376\377\000R\000e\000n\000d\000u\000\040\0002}{}% 6
\BOOKMARK [2][-]{subsection.2.1}{\376\377\000A\000t\000t\000e\000n\000t\000e\000s}{section.2}% 7
\BOOKMARK [2][-]{subsection.2.2}{\376\377\000R\000\351\000f\000l\000e\000x\000i\000o\000n}{section.2}% 8
\BOOKMARK [2][-]{subsection.2.3}{\376\377\000U\000M\000L}{section.2}% 9
\BOOKMARK [2][-]{subsection.2.4}{\376\377\000M\000o\000d\000i\000f\000i\000c\000a\000t\000i\000o\000n\000s\000\040\000d\000e\000\040\000P\000e\000r\000s\000o\000n}{section.2}% 10
\BOOKMARK [2][-]{subsection.2.5}{\376\377\000M\000o\000d\000i\000f\000i\000c\000a\000t\000i\000o\000n\000s\000\040\000d\000e\000\040\000C\000r\000i\000t\000e\000r\000i\000a}{section.2}% 11
\BOOKMARK [2][-]{subsection.2.6}{\376\377\000M\000o\000d\000i\000f\000i\000c\000a\000t\000i\000o\000n\000s\000\040\000d\000e\000\040\000E\000x\000c\000h\000a\000n\000g\000e}{section.2}% 12
\BOOKMARK [2][-]{subsection.2.7}{\376\377\000C\000l\000a\000s\000s\000e\000s\000\040\000d\000e\000\040\000T\000e\000s\000t}{section.2}% 13
\BOOKMARK [1][-]{section.3}{\376\377\000R\000e\000n\000d\000u\000\040\0003}{}% 14
\BOOKMARK [2][-]{subsection.3.1}{\376\377\000A\000t\000t\000e\000n\000t\000e\000s}{section.3}% 15
\BOOKMARK [2][-]{subsection.3.2}{\376\377\000R\000\351\000f\000l\000e\000x\000i\000o\000n}{section.3}% 16
\BOOKMARK [2][-]{subsection.3.3}{\376\377\000U\000M\000L}{section.3}% 17
\BOOKMARK [2][-]{subsection.3.4}{\376\377\000N\000o\000u\000v\000e\000a\000u\000\040\000d\000o\000s\000s\000i\000e\000r\000\040\000:\000\040\000r\000e\000s}{section.3}% 18
\BOOKMARK [2][-]{subsection.3.5}{\376\377\000N\000o\000u\000v\000e\000l\000l\000e\000\040\000c\000l\000a\000s\000s\000e\000\040\000:\000\040\000C\000o\000u\000n\000t\000r\000y\000V\000i\000s\000i\000t}{section.3}% 19
\BOOKMARK [2][-]{subsection.3.6}{\376\377\000N\000o\000u\000v\000e\000l\000l\000e\000\040\000c\000l\000a\000s\000s\000e\000\040\000:\000\040\000P\000e\000o\000p\000l\000e\000M\000a\000n\000a\000g\000e\000r}{section.3}% 20
\BOOKMARK [2][-]{subsection.3.7}{\376\377\000M\000o\000d\000i\000f\000i\000c\000a\000t\000i\000o\000n\000s\000\040\000d\000e\000\040\000P\000e\000r\000s\000o\000n}{section.3}% 21
\BOOKMARK [2][-]{subsection.3.8}{\376\377\000M\000o\000d\000i\000f\000i\000c\000a\000t\000i\000o\000n\000s\000\040\000d\000e\000\040\000C\000r\000i\000t\000e\000r\000i\000a}{section.3}% 22
\BOOKMARK [2][-]{subsection.3.9}{\376\377\000M\000o\000d\000i\000f\000i\000c\000a\000t\000i\000o\000n\000s\000\040\000d\000e\000\040\000E\000x\000c\000h\000a\000n\000g\000e}{section.3}% 23
\BOOKMARK [2][-]{subsection.3.10}{\376\377\000C\000l\000a\000s\000s\000e\000s\000\040\000d\000e\000\040\000T\000e\000s\000t}{section.3}% 24
\BOOKMARK [2][-]{subsection.3.11}{\376\377\000C\000o\000n\000c\000l\000u\000s\000i\000o\000n\000\040\000e\000t\000\040\000c\000r\000i\000t\000i\000q\000u\000e\000s\000\040\000d\000e\000\040\000c\000e\000\040\000r\000e\000n\000d\000u}{section.3}% 25
\BOOKMARK [1][-]{section.4}{\376\377\000R\000e\000n\000d\000u\000\040\0004}{}% 26
\BOOKMARK [2][-]{subsection.4.1}{\376\377\000A\000t\000t\000e\000n\000t\000e\000s}{section.4}% 27
\BOOKMARK [2][-]{subsection.4.2}{\376\377\000R\000\351\000f\000l\000e\000x\000i\000o\000n}{section.4}% 28
\BOOKMARK [2][-]{subsection.4.3}{\376\377\000U\000M\000L}{section.4}% 29
\BOOKMARK [2][-]{subsection.4.4}{\376\377\000N\000o\000u\000v\000e\000l\000l\000e\000\040\000r\000\351\000f\000l\000e\000x\000i\000o\000n}{section.4}% 30
\BOOKMARK [2][-]{subsection.4.5}{\376\377\000M\000o\000d\000i\000f\000i\000c\000a\000t\000i\000o\000n\000s\000\040\000d\000e\000\040\000P\000e\000o\000p\000l\000e\000M\000a\000n\000a\000g\000e\000r}{section.4}% 31
\BOOKMARK [2][-]{subsection.4.6}{\376\377\000N\000o\000u\000v\000e\000l\000l\000e\000\040\000c\000l\000a\000s\000s\000e\000\040\000:\000\040\000C\000r\000i\000t\000e\000r\000i\000a\000C\000o\000n\000f\000i\000g\000V\000a\000l\000i\000d\000a\000t\000o\000r}{section.4}% 32
\BOOKMARK [2][-]{subsection.4.7}{\376\377\000E\000x\000e\000m\000p\000l\000e\000s\000\040\000d\000e\000\040\000p\000r\000\351\000t\000r\000a\000i\000t\000e\000m\000e\000n\000t}{section.4}% 33
\BOOKMARK [2][-]{subsection.4.8}{\376\377\000M\000o\000d\000i\000f\000i\000c\000a\000t\000i\000o\000n\000s\000\040\000d\000e\000\040\000P\000e\000r\000s\000o\000n}{section.4}% 34
\BOOKMARK [2][-]{subsection.4.9}{\376\377\000M\000o\000d\000i\000f\000i\000c\000a\000t\000i\000o\000n\000s\000\040\000d\000e\000\040\000C\000o\000u\000n\000t\000r\000y\000V\000i\000s\000i\000t}{section.4}% 35
\BOOKMARK [2][-]{subsection.4.10}{\376\377\000C\000l\000a\000s\000s\000e\000s\000\040\000d\000e\000\040\000T\000e\000s\000t}{section.4}% 36
\BOOKMARK [2][-]{subsection.4.11}{\376\377\000C\000o\000n\000c\000l\000u\000s\000i\000o\000n}{section.4}% 37
