\BOOKMARK [1][-]{section.1}{\376\377\000C\000o\000n\000t\000e\000x\000t\000e}{}% 1
\BOOKMARK [1][-]{section.2}{\376\377\000V\000e\000r\000s\000i\000o\000n\000\040\0001}{}% 2
\BOOKMARK [2][-]{subsection.2.1}{\376\377\000I\000n\000t\000r\000o\000d\000u\000c\000t\000i\000o\000n}{section.2}% 3
\BOOKMARK [2][-]{subsection.2.2}{\376\377\000C\000h\000o\000i\000x\000\040\000p\000o\000u\000r\000\040\000l\000a\000\040\000m\000o\000d\000\351\000l\000i\000s\000a\000t\000i\000o\000n}{section.2}% 4
\BOOKMARK [2][-]{subsection.2.3}{\376\377\000E\000x\000e\000m\000p\000l\000e\000\040\000c\000o\000m\000p\000l\000e\000t}{section.2}% 5
\BOOKMARK [2][-]{subsection.2.4}{\376\377\000S\000c\000o\000r\000e\000\040\000d\000'\000a\000f\000f\000i\000n\000i\000t\000\351}{section.2}% 6
\BOOKMARK [2][-]{subsection.2.5}{\376\377\000R\000e\000t\000o\000u\000r\000\040\000s\000u\000r\000\040\000l\000'\000e\000x\000e\000m\000p\000l\000e}{section.2}% 7
\BOOKMARK [2][-]{subsection.2.6}{\376\377\000C\000o\000n\000c\000l\000u\000s\000i\000o\000n}{section.2}% 8
\BOOKMARK [1][-]{section.3}{\376\377\000V\000e\000r\000s\000i\000o\000n\000\040\0002}{}% 9
\BOOKMARK [2][-]{subsection.3.1}{\376\377\000I\000n\000t\000r\000o\000d\000u\000c\000t\000i\000o\000n}{section.3}% 10
\BOOKMARK [2][-]{subsection.3.2}{\376\377\000C\000h\000o\000i\000x\000\040\000p\000o\000u\000r\000\040\000l\000a\000\040\000m\000o\000d\000\351\000l\000i\000s\000a\000t\000i\000o\000n}{section.3}% 11
\BOOKMARK [2][-]{subsection.3.3}{\376\377\000E\000x\000e\000m\000p\000l\000e\000\040\000a\000v\000e\000c\000\040\000a\000p\000p\000a\000r\000i\000e\000m\000e\000n\000t\000\040\000t\000o\000t\000a\000l}{section.3}% 12
\BOOKMARK [2][-]{subsection.3.4}{\376\377\000E\000x\000e\000m\000p\000l\000e\000\040\000s\000a\000n\000s\000\040\000a\000p\000p\000a\000r\000i\000e\000m\000e\000n\000t\000\040\000t\000o\000t\000a\000l}{section.3}% 13
\BOOKMARK [2][-]{subsection.3.5}{\376\377\000S\000c\000o\000r\000e\000\040\000d\000'\000a\000f\000f\000i\000n\000i\000t\000\351}{section.3}% 14
\BOOKMARK [2][-]{subsection.3.6}{\376\377\000R\000e\000t\000o\000u\000r\000\040\000s\000u\000r\000\040\000l\000'\000e\000x\000e\000m\000p\000l\000e}{section.3}% 15
\BOOKMARK [2][-]{subsection.3.7}{\376\377\000P\000o\000u\000r\000\040\000a\000l\000l\000e\000r\000\040\000p\000l\000u\000s\000\040\000l\000o\000i\000n}{section.3}% 16
\BOOKMARK [2][-]{subsection.3.8}{\376\377\000R\000o\000b\000u\000s\000t\000e\000s\000s\000e\000\040\000d\000e\000\040\000l\000a\000\040\000m\000o\000d\000\351\000l\000i\000s\000a\000t\000i\000o\000n\000\040\000\050\000q\000u\000e\000s\000t\000i\000o\000n\000\040\000d\000i\000f\000f\000i\000c\000i\000l\000e\000\051}{section.3}% 17
\BOOKMARK [2][-]{subsection.3.9}{\376\377\000C\000o\000n\000c\000l\000u\000s\000i\000o\000n}{section.3}% 18
\BOOKMARK [1][-]{section.4}{\376\377\000V\000e\000r\000s\000i\000o\000n\000\040\0003}{}% 19
\BOOKMARK [2][-]{subsection.4.1}{\376\377\000I\000n\000t\000r\000o\000d\000u\000c\000t\000i\000o\000n}{section.4}% 20
\BOOKMARK [2][-]{subsection.4.2}{\376\377\000\311\000q\000u\000i\000l\000i\000b\000r\000a\000g\000e\000\040\000e\000n\000t\000r\000e\000\040\000a\000f\000f\000i\000n\000i\000t\000\351\000\040\000|\000\040\000i\000n\000c\000o\000m\000p\000a\000t\000i\000b\000i\000l\000i\000t\000\351}{section.4}% 21
\BOOKMARK [2][-]{subsection.4.3}{\376\377\000S\000c\000o\000r\000e\000\040\000d\000'\000a\000f\000f\000i\000n\000i\000t\000\351}{section.4}% 22
\BOOKMARK [2][-]{subsection.4.4}{\376\377\000R\000e\000t\000o\000u\000r\000\040\000s\000u\000r\000\040\000l\000'\000e\000x\000e\000m\000p\000l\000e}{section.4}% 23
\BOOKMARK [2][-]{subsection.4.5}{\376\377\000C\000o\000n\000c\000l\000u\000s\000i\000o\000n}{section.4}% 24
